{"/Users/henrique.suel/Desktop/teste-tecnico/vibe-saude/src/components/kind-person/KindPerson.vue": {"path":"/Users/henrique.suel/Desktop/teste-tecnico/vibe-saude/src/components/kind-person/KindPerson.vue","statementMap":{"0":{"start":{"line":23,"column":0},"end":{"line":23,"column":null}},"1":{"start":{"line":24,"column":0},"end":{"line":24,"column":null}},"2":{"start":{"line":35,"column":0},"end":{"line":35,"column":null}}},"fnMap":{"0":{"name":"(anonymous_1)","decl":{"start":{"line":34,"column":0},"end":{"line":34,"column":null}},"loc":{"start":{"line":34,"column":0},"end":{"line":39,"column":null}}}},"branchMap":{},"s":{"0":5,"1":5,"2":2},"f":{"0":2},"b":{}}
,"/Users/henrique.suel/Desktop/teste-tecnico/vibe-saude/src/router/index.js": {"path":"/Users/henrique.suel/Desktop/teste-tecnico/vibe-saude/src/router/index.js","statementMap":{"0":{"start":{"line":4,"column":0},"end":{"line":4,"column":19}},"1":{"start":{"line":6,"column":15},"end":{"line":34,"column":1}},"2":{"start":{"line":10,"column":21},"end":{"line":10,"column":55}},"3":{"start":{"line":15,"column":21},"end":{"line":15,"column":58}},"4":{"start":{"line":20,"column":21},"end":{"line":20,"column":76}},"5":{"start":{"line":26,"column":21},"end":{"line":26,"column":78}},"6":{"start":{"line":31,"column":21},"end":{"line":31,"column":78}},"7":{"start":{"line":36,"column":15},"end":{"line":40,"column":2}}},"fnMap":{"0":{"name":"(anonymous_0)","decl":{"start":{"line":10,"column":15},"end":{"line":10,"column":16}},"loc":{"start":{"line":10,"column":21},"end":{"line":10,"column":55}},"line":10},"1":{"name":"(anonymous_1)","decl":{"start":{"line":15,"column":15},"end":{"line":15,"column":16}},"loc":{"start":{"line":15,"column":21},"end":{"line":15,"column":58}},"line":15},"2":{"name":"(anonymous_2)","decl":{"start":{"line":20,"column":15},"end":{"line":20,"column":16}},"loc":{"start":{"line":20,"column":21},"end":{"line":20,"column":76}},"line":20},"3":{"name":"(anonymous_3)","decl":{"start":{"line":26,"column":15},"end":{"line":26,"column":16}},"loc":{"start":{"line":26,"column":21},"end":{"line":26,"column":78}},"line":26},"4":{"name":"(anonymous_4)","decl":{"start":{"line":31,"column":15},"end":{"line":31,"column":16}},"loc":{"start":{"line":31,"column":21},"end":{"line":31,"column":78}},"line":31}},"branchMap":{},"s":{"0":2,"1":2,"2":2,"3":0,"4":1,"5":0,"6":1,"7":2},"f":{"0":2,"1":0,"2":1,"3":0,"4":1},"b":{},"_coverageSchema":"43e27e138ebf9cfc5966b082cf9a028302ed4184","hash":"7a9f33c49119511abcb94f0516f5621ee84f1432"}
,"/Users/henrique.suel/Desktop/teste-tecnico/vibe-saude/src/store/appointment/index.js": {"path":"/Users/henrique.suel/Desktop/teste-tecnico/vibe-saude/src/store/appointment/index.js","statementMap":{"0":{"start":{"line":30,"column":6},"end":{"line":60,"column":9}},"1":{"start":{"line":31,"column":22},"end":{"line":35,"column":9}},"2":{"start":{"line":36,"column":33},"end":{"line":36,"column":40}},"3":{"start":{"line":37,"column":21},"end":{"line":37,"column":39}},"4":{"start":{"line":38,"column":8},"end":{"line":41,"column":9}},"5":{"start":{"line":39,"column":10},"end":{"line":39,"column":69}},"6":{"start":{"line":40,"column":10},"end":{"line":40,"column":32}},"7":{"start":{"line":42,"column":39},"end":{"line":42,"column":94}},"8":{"start":{"line":43,"column":8},"end":{"line":57,"column":9}},"9":{"start":{"line":44,"column":26},"end":{"line":44,"column":64}},"10":{"start":{"line":45,"column":30},"end":{"line":54,"column":11}},"11":{"start":{"line":55,"column":10},"end":{"line":55,"column":48}},"12":{"start":{"line":56,"column":10},"end":{"line":56,"column":31}},"13":{"start":{"line":58,"column":8},"end":{"line":58,"column":67}},"14":{"start":{"line":59,"column":8},"end":{"line":59,"column":30}},"15":{"start":{"line":63,"column":6},"end":{"line":77,"column":9}},"16":{"start":{"line":64,"column":22},"end":{"line":68,"column":9}},"17":{"start":{"line":69,"column":8},"end":{"line":72,"column":9}},"18":{"start":{"line":70,"column":10},"end":{"line":70,"column":69}},"19":{"start":{"line":71,"column":10},"end":{"line":71,"column":32}},"20":{"start":{"line":74,"column":8},"end":{"line":74,"column":148}},"21":{"start":{"line":75,"column":8},"end":{"line":75,"column":73}},"22":{"start":{"line":76,"column":8},"end":{"line":76,"column":29}},"23":{"start":{"line":80,"column":6},"end":{"line":94,"column":9}},"24":{"start":{"line":81,"column":8},"end":{"line":93,"column":9}},"25":{"start":{"line":82,"column":10},"end":{"line":82,"column":151}},"26":{"start":{"line":83,"column":10},"end":{"line":83,"column":47}},"27":{"start":{"line":84,"column":10},"end":{"line":84,"column":24}},"28":{"start":{"line":86,"column":24},"end":{"line":90,"column":11}},"29":{"start":{"line":91,"column":10},"end":{"line":91,"column":69}},"30":{"start":{"line":92,"column":10},"end":{"line":92,"column":25}},"31":{"start":{"line":99,"column":6},"end":{"line":99,"column":42}},"32":{"start":{"line":102,"column":6},"end":{"line":107,"column":9}},"33":{"start":{"line":103,"column":8},"end":{"line":105,"column":9}},"34":{"start":{"line":104,"column":10},"end":{"line":104,"column":25}},"35":{"start":{"line":106,"column":8},"end":{"line":106,"column":27}},"36":{"start":{"line":111,"column":47},"end":{"line":111,"column":181}},"37":{"start":{"line":111,"column":67},"end":{"line":111,"column":181}},"38":{"start":{"line":111,"column":112},"end":{"line":111,"column":180}},"39":{"start":{"line":112,"column":41},"end":{"line":115,"column":6}},"40":{"start":{"line":112,"column":59},"end":{"line":115,"column":6}},"41":{"start":{"line":113,"column":6},"end":{"line":114,"column":38}},"42":{"start":{"line":116,"column":34},"end":{"line":123,"column":5}},"43":{"start":{"line":118,"column":6},"end":{"line":118,"column":15}},"44":{"start":{"line":119,"column":29},"end":{"line":119,"column":78}},"45":{"start":{"line":119,"column":59},"end":{"line":119,"column":77}},"46":{"start":{"line":120,"column":6},"end":{"line":122,"column":157}},"47":{"start":{"line":120,"column":59},"end":{"line":122,"column":155}},"48":{"start":{"line":122,"column":42},"end":{"line":122,"column":153}},"49":{"start":{"line":124,"column":36},"end":{"line":124,"column":110}},"50":{"start":{"line":124,"column":44},"end":{"line":124,"column":110}},"51":{"start":{"line":124,"column":88},"end":{"line":124,"column":109}}},"fnMap":{"0":{"name":"(anonymous_0)","decl":{"start":{"line":27,"column":4},"end":{"line":27,"column":5}},"loc":{"start":{"line":29,"column":16},"end":{"line":61,"column":5}},"line":29},"1":{"name":"(anonymous_1)","decl":{"start":{"line":30,"column":25},"end":{"line":30,"column":26}},"loc":{"start":{"line":30,"column":38},"end":{"line":60,"column":7}},"line":30},"2":{"name":"(anonymous_2)","decl":{"start":{"line":62,"column":4},"end":{"line":62,"column":5}},"loc":{"start":{"line":62,"column":53},"end":{"line":78,"column":5}},"line":62},"3":{"name":"(anonymous_3)","decl":{"start":{"line":63,"column":25},"end":{"line":63,"column":26}},"loc":{"start":{"line":63,"column":38},"end":{"line":77,"column":7}},"line":63},"4":{"name":"(anonymous_4)","decl":{"start":{"line":79,"column":4},"end":{"line":79,"column":5}},"loc":{"start":{"line":79,"column":59},"end":{"line":95,"column":5}},"line":79},"5":{"name":"(anonymous_5)","decl":{"start":{"line":80,"column":25},"end":{"line":80,"column":26}},"loc":{"start":{"line":80,"column":38},"end":{"line":94,"column":7}},"line":80},"6":{"name":"(anonymous_6)","decl":{"start":{"line":98,"column":4},"end":{"line":98,"column":5}},"loc":{"start":{"line":98,"column":35},"end":{"line":100,"column":5}},"line":98},"7":{"name":"(anonymous_7)","decl":{"start":{"line":101,"column":4},"end":{"line":101,"column":5}},"loc":{"start":{"line":101,"column":38},"end":{"line":108,"column":5}},"line":101},"8":{"name":"(anonymous_8)","decl":{"start":{"line":102,"column":56},"end":{"line":102,"column":57}},"loc":{"start":{"line":102,"column":73},"end":{"line":107,"column":7}},"line":102},"9":{"name":"(anonymous_9)","decl":{"start":{"line":111,"column":36},"end":{"line":111,"column":37}},"loc":{"start":{"line":111,"column":47},"end":{"line":111,"column":181}},"line":111},"10":{"name":"(anonymous_10)","decl":{"start":{"line":111,"column":47},"end":{"line":111,"column":48}},"loc":{"start":{"line":111,"column":67},"end":{"line":111,"column":181}},"line":111},"11":{"name":"(anonymous_11)","decl":{"start":{"line":111,"column":95},"end":{"line":111,"column":96}},"loc":{"start":{"line":111,"column":112},"end":{"line":111,"column":180}},"line":111},"12":{"name":"(anonymous_12)","decl":{"start":{"line":112,"column":30},"end":{"line":112,"column":31}},"loc":{"start":{"line":112,"column":41},"end":{"line":115,"column":6}},"line":112},"13":{"name":"(anonymous_13)","decl":{"start":{"line":112,"column":41},"end":{"line":112,"column":42}},"loc":{"start":{"line":112,"column":59},"end":{"line":115,"column":6}},"line":112},"14":{"name":"(anonymous_14)","decl":{"start":{"line":112,"column":88},"end":{"line":112,"column":89}},"loc":{"start":{"line":113,"column":6},"end":{"line":114,"column":38}},"line":113},"15":{"name":"(anonymous_15)","decl":{"start":{"line":116,"column":23},"end":{"line":116,"column":24}},"loc":{"start":{"line":116,"column":34},"end":{"line":123,"column":5}},"line":116},"16":{"name":"(anonymous_16)","decl":{"start":{"line":116,"column":34},"end":{"line":116,"column":35}},"loc":{"start":{"line":116,"column":64},"end":{"line":123,"column":5}},"line":116},"17":{"name":"(anonymous_17)","decl":{"start":{"line":119,"column":41},"end":{"line":119,"column":42}},"loc":{"start":{"line":119,"column":59},"end":{"line":119,"column":77}},"line":119},"18":{"name":"(anonymous_18)","decl":{"start":{"line":120,"column":42},"end":{"line":120,"column":43}},"loc":{"start":{"line":120,"column":59},"end":{"line":122,"column":155}},"line":120},"19":{"name":"(anonymous_19)","decl":{"start":{"line":122,"column":24},"end":{"line":122,"column":25}},"loc":{"start":{"line":122,"column":42},"end":{"line":122,"column":153}},"line":122},"20":{"name":"(anonymous_20)","decl":{"start":{"line":124,"column":25},"end":{"line":124,"column":26}},"loc":{"start":{"line":124,"column":36},"end":{"line":124,"column":110}},"line":124},"21":{"name":"(anonymous_21)","decl":{"start":{"line":124,"column":36},"end":{"line":124,"column":37}},"loc":{"start":{"line":124,"column":44},"end":{"line":124,"column":110}},"line":124},"22":{"name":"(anonymous_22)","decl":{"start":{"line":124,"column":71},"end":{"line":124,"column":72}},"loc":{"start":{"line":124,"column":88},"end":{"line":124,"column":109}},"line":124}},"branchMap":{"0":{"loc":{"start":{"line":38,"column":8},"end":{"line":41,"column":9}},"type":"if","locations":[{"start":{"line":38,"column":8},"end":{"line":41,"column":9}},{"start":{"line":38,"column":8},"end":{"line":41,"column":9}}],"line":38},"1":{"loc":{"start":{"line":38,"column":12},"end":{"line":38,"column":33}},"type":"binary-expr","locations":[{"start":{"line":38,"column":12},"end":{"line":38,"column":20}},{"start":{"line":38,"column":24},"end":{"line":38,"column":33}}],"line":38},"2":{"loc":{"start":{"line":43,"column":8},"end":{"line":57,"column":9}},"type":"if","locations":[{"start":{"line":43,"column":8},"end":{"line":57,"column":9}},{"start":{"line":43,"column":8},"end":{"line":57,"column":9}}],"line":43},"3":{"loc":{"start":{"line":69,"column":8},"end":{"line":72,"column":9}},"type":"if","locations":[{"start":{"line":69,"column":8},"end":{"line":72,"column":9}},{"start":{"line":69,"column":8},"end":{"line":72,"column":9}}],"line":69},"4":{"loc":{"start":{"line":81,"column":8},"end":{"line":93,"column":9}},"type":"if","locations":[{"start":{"line":81,"column":8},"end":{"line":93,"column":9}},{"start":{"line":81,"column":8},"end":{"line":93,"column":9}}],"line":81},"5":{"loc":{"start":{"line":103,"column":8},"end":{"line":105,"column":9}},"type":"if","locations":[{"start":{"line":103,"column":8},"end":{"line":105,"column":9}},{"start":{"line":103,"column":8},"end":{"line":105,"column":9}}],"line":103},"6":{"loc":{"start":{"line":111,"column":112},"end":{"line":111,"column":180}},"type":"binary-expr","locations":[{"start":{"line":111,"column":112},"end":{"line":111,"column":143}},{"start":{"line":111,"column":147},"end":{"line":111,"column":180}}],"line":111},"7":{"loc":{"start":{"line":113,"column":6},"end":{"line":114,"column":38}},"type":"binary-expr","locations":[{"start":{"line":113,"column":6},"end":{"line":113,"column":75}},{"start":{"line":114,"column":9},"end":{"line":114,"column":38}}],"line":113},"8":{"loc":{"start":{"line":120,"column":59},"end":{"line":122,"column":155}},"type":"binary-expr","locations":[{"start":{"line":120,"column":59},"end":{"line":120,"column":126}},{"start":{"line":121,"column":13},"end":{"line":121,"column":20}},{"start":{"line":121,"column":24},"end":{"line":121,"column":41}},{"start":{"line":121,"column":46},"end":{"line":121,"column":152}},{"start":{"line":122,"column":12},"end":{"line":122,"column":154}}],"line":120},"9":{"loc":{"start":{"line":122,"column":42},"end":{"line":122,"column":153}},"type":"binary-expr","locations":[{"start":{"line":122,"column":42},"end":{"line":122,"column":57}},{"start":{"line":122,"column":62},"end":{"line":122,"column":80}},{"start":{"line":122,"column":84},"end":{"line":122,"column":152}}],"line":122}},"s":{"0":3,"1":3,"2":3,"3":3,"4":3,"5":1,"6":1,"7":2,"8":2,"9":1,"10":1,"11":1,"12":1,"13":1,"14":1,"15":2,"16":2,"17":2,"18":1,"19":1,"20":1,"21":1,"22":1,"23":2,"24":2,"25":1,"26":1,"27":1,"28":1,"29":1,"30":1,"31":1,"32":1,"33":3,"34":2,"35":1,"36":0,"37":0,"38":0,"39":1,"40":1,"41":1,"42":1,"43":1,"44":1,"45":3,"46":1,"47":1,"48":3,"49":1,"50":1,"51":1},"f":{"0":3,"1":3,"2":2,"3":2,"4":2,"5":2,"6":1,"7":1,"8":3,"9":0,"10":0,"11":0,"12":1,"13":1,"14":1,"15":1,"16":1,"17":3,"18":1,"19":3,"20":1,"21":1,"22":1},"b":{"0":[1,2],"1":[3,2],"2":[1,1],"3":[1,1],"4":[1,1],"5":[2,1],"6":[0,0],"7":[1,1],"8":[1,1,1,1,1],"9":[3,3,1]},"_coverageSchema":"43e27e138ebf9cfc5966b082cf9a028302ed4184","hash":"11e66614f7287d5df00d5dfabaace22a7c8a6e1b"}
,"/Users/henrique.suel/Desktop/teste-tecnico/vibe-saude/src/store/doctor/index.js": {"path":"/Users/henrique.suel/Desktop/teste-tecnico/vibe-saude/src/store/doctor/index.js","statementMap":{"0":{"start":{"line":17,"column":21},"end":{"line":17,"column":58}},"1":{"start":{"line":18,"column":6},"end":{"line":28,"column":7}},"2":{"start":{"line":19,"column":8},"end":{"line":19,"column":25}},"3":{"start":{"line":20,"column":8},"end":{"line":20,"column":37}},"4":{"start":{"line":22,"column":22},"end":{"line":26,"column":9}},"5":{"start":{"line":27,"column":8},"end":{"line":27,"column":67}},"6":{"start":{"line":31,"column":21},"end":{"line":31,"column":54}},"7":{"start":{"line":32,"column":6},"end":{"line":32,"column":32}},"8":{"start":{"line":32,"column":19},"end":{"line":32,"column":32}},"9":{"start":{"line":33,"column":6},"end":{"line":33,"column":36}},"10":{"start":{"line":34,"column":6},"end":{"line":34,"column":41}},"11":{"start":{"line":35,"column":6},"end":{"line":35,"column":20}},"12":{"start":{"line":38,"column":6},"end":{"line":38,"column":27}},"13":{"start":{"line":43,"column":6},"end":{"line":43,"column":37}},"14":{"start":{"line":46,"column":6},"end":{"line":46,"column":43}},"15":{"start":{"line":47,"column":6},"end":{"line":47,"column":71}},"16":{"start":{"line":48,"column":6},"end":{"line":48,"column":29}},"17":{"start":{"line":51,"column":6},"end":{"line":51,"column":42}},"18":{"start":{"line":52,"column":6},"end":{"line":52,"column":26}},"19":{"start":{"line":57,"column":6},"end":{"line":57,"column":39}},"20":{"start":{"line":57,"column":29},"end":{"line":57,"column":39}},"21":{"start":{"line":58,"column":6},"end":{"line":58,"column":30}},"22":{"start":{"line":61,"column":6},"end":{"line":67,"column":7}},"23":{"start":{"line":62,"column":23},"end":{"line":62,"column":67}},"24":{"start":{"line":63,"column":8},"end":{"line":65,"column":9}},"25":{"start":{"line":64,"column":10},"end":{"line":64,"column":22}},"26":{"start":{"line":66,"column":8},"end":{"line":66,"column":30}},"27":{"start":{"line":68,"column":6},"end":{"line":68,"column":26}},"28":{"start":{"line":70,"column":33},"end":{"line":70,"column":95}},"29":{"start":{"line":70,"column":42},"end":{"line":70,"column":95}},"30":{"start":{"line":70,"column":76},"end":{"line":70,"column":94}},"31":{"start":{"line":71,"column":33},"end":{"line":71,"column":138}},"32":{"start":{"line":71,"column":43},"end":{"line":71,"column":138}},"33":{"start":{"line":71,"column":79},"end":{"line":71,"column":137}}},"fnMap":{"0":{"name":"(anonymous_0)","decl":{"start":{"line":16,"column":4},"end":{"line":16,"column":5}},"loc":{"start":{"line":16,"column":60},"end":{"line":29,"column":5}},"line":16},"1":{"name":"(anonymous_1)","decl":{"start":{"line":30,"column":4},"end":{"line":30,"column":5}},"loc":{"start":{"line":30,"column":52},"end":{"line":36,"column":5}},"line":30},"2":{"name":"(anonymous_2)","decl":{"start":{"line":37,"column":4},"end":{"line":37,"column":5}},"loc":{"start":{"line":37,"column":36},"end":{"line":39,"column":5}},"line":37},"3":{"name":"(anonymous_3)","decl":{"start":{"line":42,"column":4},"end":{"line":42,"column":5}},"loc":{"start":{"line":42,"column":30},"end":{"line":44,"column":5}},"line":42},"4":{"name":"(anonymous_4)","decl":{"start":{"line":45,"column":4},"end":{"line":45,"column":5}},"loc":{"start":{"line":45,"column":32},"end":{"line":49,"column":5}},"line":45},"5":{"name":"(anonymous_5)","decl":{"start":{"line":50,"column":4},"end":{"line":50,"column":5}},"loc":{"start":{"line":50,"column":22},"end":{"line":53,"column":5}},"line":50},"6":{"name":"(anonymous_6)","decl":{"start":{"line":56,"column":4},"end":{"line":56,"column":5}},"loc":{"start":{"line":56,"column":24},"end":{"line":59,"column":5}},"line":56},"7":{"name":"(anonymous_7)","decl":{"start":{"line":60,"column":4},"end":{"line":60,"column":5}},"loc":{"start":{"line":60,"column":21},"end":{"line":69,"column":5}},"line":60},"8":{"name":"(anonymous_8)","decl":{"start":{"line":70,"column":22},"end":{"line":70,"column":23}},"loc":{"start":{"line":70,"column":33},"end":{"line":70,"column":95}},"line":70},"9":{"name":"(anonymous_9)","decl":{"start":{"line":70,"column":33},"end":{"line":70,"column":34}},"loc":{"start":{"line":70,"column":42},"end":{"line":70,"column":95}},"line":70},"10":{"name":"(anonymous_10)","decl":{"start":{"line":70,"column":64},"end":{"line":70,"column":65}},"loc":{"start":{"line":70,"column":76},"end":{"line":70,"column":94}},"line":70},"11":{"name":"(anonymous_11)","decl":{"start":{"line":71,"column":22},"end":{"line":71,"column":23}},"loc":{"start":{"line":71,"column":33},"end":{"line":71,"column":138}},"line":71},"12":{"name":"(anonymous_12)","decl":{"start":{"line":71,"column":33},"end":{"line":71,"column":34}},"loc":{"start":{"line":71,"column":43},"end":{"line":71,"column":138}},"line":71},"13":{"name":"(anonymous_13)","decl":{"start":{"line":71,"column":67},"end":{"line":71,"column":68}},"loc":{"start":{"line":71,"column":79},"end":{"line":71,"column":137}},"line":71}},"branchMap":{"0":{"loc":{"start":{"line":18,"column":6},"end":{"line":28,"column":7}},"type":"if","locations":[{"start":{"line":18,"column":6},"end":{"line":28,"column":7}},{"start":{"line":18,"column":6},"end":{"line":28,"column":7}}],"line":18},"1":{"loc":{"start":{"line":32,"column":6},"end":{"line":32,"column":32}},"type":"if","locations":[{"start":{"line":32,"column":6},"end":{"line":32,"column":32}},{"start":{"line":32,"column":6},"end":{"line":32,"column":32}}],"line":32},"2":{"loc":{"start":{"line":57,"column":6},"end":{"line":57,"column":39}},"type":"if","locations":[{"start":{"line":57,"column":6},"end":{"line":57,"column":39}},{"start":{"line":57,"column":6},"end":{"line":57,"column":39}}],"line":57},"3":{"loc":{"start":{"line":61,"column":6},"end":{"line":67,"column":7}},"type":"if","locations":[{"start":{"line":61,"column":6},"end":{"line":67,"column":7}},{"start":{"line":61,"column":6},"end":{"line":67,"column":7}}],"line":61},"4":{"loc":{"start":{"line":63,"column":8},"end":{"line":65,"column":9}},"type":"if","locations":[{"start":{"line":63,"column":8},"end":{"line":65,"column":9}},{"start":{"line":63,"column":8},"end":{"line":65,"column":9}}],"line":63}},"s":{"0":2,"1":2,"2":1,"3":1,"4":1,"5":1,"6":2,"7":2,"8":1,"9":1,"10":1,"11":1,"12":1,"13":1,"14":2,"15":2,"16":2,"17":1,"18":1,"19":2,"20":1,"21":1,"22":1,"23":0,"24":0,"25":0,"26":0,"27":1,"28":1,"29":1,"30":1,"31":1,"32":1,"33":1},"f":{"0":2,"1":2,"2":1,"3":1,"4":2,"5":1,"6":2,"7":1,"8":1,"9":1,"10":1,"11":1,"12":1,"13":1},"b":{"0":[1,1],"1":[1,1],"2":[1,1],"3":[0,1],"4":[0,0]},"_coverageSchema":"43e27e138ebf9cfc5966b082cf9a028302ed4184","hash":"c0d5e9a257e39846232238b8c840eb75a46eb39f"}
,"/Users/henrique.suel/Desktop/teste-tecnico/vibe-saude/src/store/patient/index.js": {"path":"/Users/henrique.suel/Desktop/teste-tecnico/vibe-saude/src/store/patient/index.js","statementMap":{"0":{"start":{"line":17,"column":22},"end":{"line":17,"column":59}},"1":{"start":{"line":18,"column":6},"end":{"line":28,"column":7}},"2":{"start":{"line":19,"column":8},"end":{"line":19,"column":38}},"3":{"start":{"line":20,"column":8},"end":{"line":20,"column":25}},"4":{"start":{"line":22,"column":22},"end":{"line":26,"column":9}},"5":{"start":{"line":27,"column":8},"end":{"line":27,"column":67}},"6":{"start":{"line":31,"column":22},"end":{"line":31,"column":55}},"7":{"start":{"line":32,"column":6},"end":{"line":32,"column":33}},"8":{"start":{"line":32,"column":20},"end":{"line":32,"column":33}},"9":{"start":{"line":33,"column":6},"end":{"line":33,"column":37}},"10":{"start":{"line":34,"column":6},"end":{"line":34,"column":43}},"11":{"start":{"line":35,"column":6},"end":{"line":35,"column":21}},"12":{"start":{"line":38,"column":6},"end":{"line":38,"column":23}},"13":{"start":{"line":39,"column":6},"end":{"line":39,"column":27}},"14":{"start":{"line":44,"column":6},"end":{"line":44,"column":60}},"15":{"start":{"line":47,"column":6},"end":{"line":47,"column":42}},"16":{"start":{"line":48,"column":6},"end":{"line":48,"column":72}},"17":{"start":{"line":49,"column":6},"end":{"line":49,"column":30}},"18":{"start":{"line":52,"column":6},"end":{"line":52,"column":43}},"19":{"start":{"line":53,"column":6},"end":{"line":53,"column":27}},"20":{"start":{"line":58,"column":6},"end":{"line":58,"column":40}},"21":{"start":{"line":58,"column":30},"end":{"line":58,"column":40}},"22":{"start":{"line":59,"column":6},"end":{"line":59,"column":31}},"23":{"start":{"line":61,"column":33},"end":{"line":61,"column":98}},"24":{"start":{"line":61,"column":42},"end":{"line":61,"column":98}},"25":{"start":{"line":61,"column":78},"end":{"line":61,"column":97}},"26":{"start":{"line":64,"column":6},"end":{"line":70,"column":7}},"27":{"start":{"line":65,"column":24},"end":{"line":65,"column":69}},"28":{"start":{"line":66,"column":8},"end":{"line":68,"column":9}},"29":{"start":{"line":67,"column":10},"end":{"line":67,"column":22}},"30":{"start":{"line":69,"column":8},"end":{"line":69,"column":32}},"31":{"start":{"line":71,"column":6},"end":{"line":71,"column":27}}},"fnMap":{"0":{"name":"(anonymous_0)","decl":{"start":{"line":16,"column":4},"end":{"line":16,"column":5}},"loc":{"start":{"line":16,"column":61},"end":{"line":29,"column":5}},"line":16},"1":{"name":"(anonymous_1)","decl":{"start":{"line":30,"column":4},"end":{"line":30,"column":5}},"loc":{"start":{"line":30,"column":53},"end":{"line":36,"column":5}},"line":30},"2":{"name":"(anonymous_2)","decl":{"start":{"line":37,"column":4},"end":{"line":37,"column":5}},"loc":{"start":{"line":37,"column":36},"end":{"line":40,"column":5}},"line":37},"3":{"name":"(anonymous_3)","decl":{"start":{"line":43,"column":4},"end":{"line":43,"column":5}},"loc":{"start":{"line":43,"column":31},"end":{"line":45,"column":5}},"line":43},"4":{"name":"(anonymous_4)","decl":{"start":{"line":46,"column":4},"end":{"line":46,"column":5}},"loc":{"start":{"line":46,"column":32},"end":{"line":50,"column":5}},"line":46},"5":{"name":"(anonymous_5)","decl":{"start":{"line":51,"column":4},"end":{"line":51,"column":5}},"loc":{"start":{"line":51,"column":22},"end":{"line":54,"column":5}},"line":51},"6":{"name":"(anonymous_6)","decl":{"start":{"line":57,"column":4},"end":{"line":57,"column":5}},"loc":{"start":{"line":57,"column":25},"end":{"line":60,"column":5}},"line":57},"7":{"name":"(anonymous_7)","decl":{"start":{"line":61,"column":22},"end":{"line":61,"column":23}},"loc":{"start":{"line":61,"column":33},"end":{"line":61,"column":98}},"line":61},"8":{"name":"(anonymous_8)","decl":{"start":{"line":61,"column":33},"end":{"line":61,"column":34}},"loc":{"start":{"line":61,"column":42},"end":{"line":61,"column":98}},"line":61},"9":{"name":"(anonymous_9)","decl":{"start":{"line":61,"column":65},"end":{"line":61,"column":66}},"loc":{"start":{"line":61,"column":78},"end":{"line":61,"column":97}},"line":61},"10":{"name":"(anonymous_10)","decl":{"start":{"line":63,"column":4},"end":{"line":63,"column":5}},"loc":{"start":{"line":63,"column":22},"end":{"line":72,"column":5}},"line":63}},"branchMap":{"0":{"loc":{"start":{"line":18,"column":6},"end":{"line":28,"column":7}},"type":"if","locations":[{"start":{"line":18,"column":6},"end":{"line":28,"column":7}},{"start":{"line":18,"column":6},"end":{"line":28,"column":7}}],"line":18},"1":{"loc":{"start":{"line":32,"column":6},"end":{"line":32,"column":33}},"type":"if","locations":[{"start":{"line":32,"column":6},"end":{"line":32,"column":33}},{"start":{"line":32,"column":6},"end":{"line":32,"column":33}}],"line":32},"2":{"loc":{"start":{"line":58,"column":6},"end":{"line":58,"column":40}},"type":"if","locations":[{"start":{"line":58,"column":6},"end":{"line":58,"column":40}},{"start":{"line":58,"column":6},"end":{"line":58,"column":40}}],"line":58},"3":{"loc":{"start":{"line":64,"column":6},"end":{"line":70,"column":7}},"type":"if","locations":[{"start":{"line":64,"column":6},"end":{"line":70,"column":7}},{"start":{"line":64,"column":6},"end":{"line":70,"column":7}}],"line":64},"4":{"loc":{"start":{"line":66,"column":8},"end":{"line":68,"column":9}},"type":"if","locations":[{"start":{"line":66,"column":8},"end":{"line":68,"column":9}},{"start":{"line":66,"column":8},"end":{"line":68,"column":9}}],"line":66}},"s":{"0":2,"1":2,"2":1,"3":1,"4":1,"5":1,"6":2,"7":2,"8":1,"9":1,"10":1,"11":1,"12":1,"13":1,"14":1,"15":2,"16":2,"17":2,"18":1,"19":1,"20":2,"21":1,"22":1,"23":1,"24":1,"25":1,"26":1,"27":0,"28":0,"29":0,"30":0,"31":1},"f":{"0":2,"1":2,"2":1,"3":1,"4":2,"5":1,"6":2,"7":1,"8":1,"9":1,"10":1},"b":{"0":[1,1],"1":[1,1],"2":[1,1],"3":[0,1],"4":[0,0]},"_coverageSchema":"43e27e138ebf9cfc5966b082cf9a028302ed4184","hash":"a3ca0aa4ef9b54e5ddc203bb38dcae6bb151d018"}
,"/Users/henrique.suel/Desktop/teste-tecnico/vibe-saude/src/views/doctor-appointment/DoctorAppointment.vue": {"path":"/Users/henrique.suel/Desktop/teste-tecnico/vibe-saude/src/views/doctor-appointment/DoctorAppointment.vue","statementMap":{"0":{"start":{"line":62,"column":0},"end":{"line":62,"column":null}},"1":{"start":{"line":63,"column":0},"end":{"line":63,"column":null}},"2":{"start":{"line":71,"column":0},"end":{"line":71,"column":null}},"3":{"start":{"line":106,"column":0},"end":{"line":106,"column":null}},"4":{"start":{"line":109,"column":0},"end":{"line":109,"column":null}},"5":{"start":{"line":113,"column":0},"end":{"line":113,"column":null}}},"fnMap":{"0":{"name":"(anonymous_1)","decl":{"start":{"line":70,"column":0},"end":{"line":70,"column":null}},"loc":{"start":{"line":70,"column":0},"end":{"line":100,"column":null}}},"1":{"name":"(anonymous_2)","decl":{"start":{"line":105,"column":0},"end":{"line":105,"column":null}},"loc":{"start":{"line":105,"column":0},"end":{"line":107,"column":null}}},"2":{"name":"(anonymous_3)","decl":{"start":{"line":108,"column":0},"end":{"line":108,"column":null}},"loc":{"start":{"line":108,"column":0},"end":{"line":114,"column":null}}}},"branchMap":{},"s":{"0":2,"1":2,"2":3,"3":1,"4":1,"5":1},"f":{"0":3,"1":1,"2":1},"b":{}}
,"/Users/henrique.suel/Desktop/teste-tecnico/vibe-saude/src/views/login/Login.vue": {"path":"/Users/henrique.suel/Desktop/teste-tecnico/vibe-saude/src/views/login/Login.vue","statementMap":{"0":{"start":{"line":41,"column":0},"end":{"line":41,"column":null}},"1":{"start":{"line":42,"column":0},"end":{"line":42,"column":null}},"2":{"start":{"line":50,"column":0},"end":{"line":50,"column":null}},"3":{"start":{"line":57,"column":0},"end":{"line":57,"column":null}},"4":{"start":{"line":62,"column":0},"end":{"line":62,"column":null}},"5":{"start":{"line":66,"column":0},"end":{"line":66,"column":null}},"6":{"start":{"line":75,"column":0},"end":{"line":75,"column":null}},"7":{"start":{"line":76,"column":0},"end":{"line":76,"column":null}},"8":{"start":{"line":77,"column":0},"end":{"line":77,"column":null}},"9":{"start":{"line":82,"column":0},"end":{"line":82,"column":null}},"10":{"start":{"line":88,"column":0},"end":{"line":88,"column":null}}},"fnMap":{"0":{"name":"(anonymous_1)","decl":{"start":{"line":49,"column":0},"end":{"line":49,"column":null}},"loc":{"start":{"line":49,"column":0},"end":{"line":54,"column":null}}},"1":{"name":"(anonymous_2)","decl":{"start":{"line":56,"column":0},"end":{"line":56,"column":null}},"loc":{"start":{"line":56,"column":0},"end":{"line":58,"column":null}}},"2":{"name":"(anonymous_3)","decl":{"start":{"line":61,"column":0},"end":{"line":61,"column":null}},"loc":{"start":{"line":61,"column":0},"end":{"line":63,"column":null}}},"3":{"name":"(anonymous_4)","decl":{"start":{"line":65,"column":0},"end":{"line":65,"column":null}},"loc":{"start":{"line":65,"column":0},"end":{"line":72,"column":null}}},"4":{"name":"(anonymous_5)","decl":{"start":{"line":74,"column":0},"end":{"line":74,"column":null}},"loc":{"start":{"line":74,"column":0},"end":{"line":89,"column":null}}}},"branchMap":{"0":{"loc":{"start":{"line":62,"column":0},"end":{"line":62,"column":null}},"type":"cond-expr","locations":[{"start":{"line":62,"column":0},"end":{"line":62,"column":null}},{"start":{"line":62,"column":0},"end":{"line":62,"column":null}}]},"1":{"loc":{"start":{"line":76,"column":0},"end":{"line":76,"column":null}},"type":"if","locations":[{"start":{"line":76,"column":0},"end":{"line":76,"column":null}},{"start":{"line":76,"column":0},"end":{"line":76,"column":null}}]},"2":{"loc":{"start":{"line":82,"column":0},"end":{"line":82,"column":null}},"type":"cond-expr","locations":[{"start":{"line":82,"column":0},"end":{"line":82,"column":null}},{"start":{"line":82,"column":0},"end":{"line":82,"column":null}}]},"3":{"loc":{"start":{"line":88,"column":0},"end":{"line":88,"column":null}},"type":"if","locations":[{"start":{"line":88,"column":0},"end":{"line":88,"column":null}},{"start":{"line":88,"column":0},"end":{"line":88,"column":null}}]}},"s":{"0":3,"1":3,"2":5,"3":2,"4":7,"5":7,"6":4,"7":4,"8":4,"9":4,"10":5},"f":{"0":5,"1":2,"2":7,"3":7,"4":4},"b":{"0":[2,5],"1":[0,4],"2":[2,2],"3":[1,3]}}
,"/Users/henrique.suel/Desktop/teste-tecnico/vibe-saude/src/views/patient-appointment/PatientAppointment.vue": {"path":"/Users/henrique.suel/Desktop/teste-tecnico/vibe-saude/src/views/patient-appointment/PatientAppointment.vue","statementMap":{"0":{"start":{"line":57,"column":0},"end":{"line":57,"column":null}},"1":{"start":{"line":58,"column":0},"end":{"line":58,"column":null}},"2":{"start":{"line":59,"column":0},"end":{"line":59,"column":null}},"3":{"start":{"line":60,"column":0},"end":{"line":60,"column":null}},"4":{"start":{"line":61,"column":0},"end":{"line":61,"column":null}},"5":{"start":{"line":62,"column":0},"end":{"line":62,"column":null}},"6":{"start":{"line":72,"column":0},"end":{"line":72,"column":null}},"7":{"start":{"line":87,"column":0},"end":{"line":87,"column":null}},"8":{"start":{"line":88,"column":0},"end":{"line":88,"column":null}},"9":{"start":{"line":89,"column":0},"end":{"line":89,"column":null}},"10":{"start":{"line":92,"column":0},"end":{"line":92,"column":null}},"11":{"start":{"line":98,"column":0},"end":{"line":98,"column":null}},"12":{"start":{"line":99,"column":0},"end":{"line":99,"column":null}},"13":{"start":{"line":102,"column":0},"end":{"line":102,"column":null}},"14":{"start":{"line":108,"column":0},"end":{"line":108,"column":null}},"15":{"start":{"line":109,"column":0},"end":{"line":109,"column":null}}},"fnMap":{"0":{"name":"(anonymous_1)","decl":{"start":{"line":71,"column":0},"end":{"line":71,"column":null}},"loc":{"start":{"line":71,"column":0},"end":{"line":79,"column":null}}},"1":{"name":"(anonymous_2)","decl":{"start":{"line":86,"column":0},"end":{"line":86,"column":null}},"loc":{"start":{"line":86,"column":0},"end":{"line":90,"column":null}}},"2":{"name":"(anonymous_3)","decl":{"start":{"line":91,"column":0},"end":{"line":91,"column":null}},"loc":{"start":{"line":91,"column":0},"end":{"line":96,"column":null}}},"3":{"name":"(anonymous_4)","decl":{"start":{"line":97,"column":0},"end":{"line":97,"column":null}},"loc":{"start":{"line":97,"column":0},"end":{"line":100,"column":null}}},"4":{"name":"(anonymous_5)","decl":{"start":{"line":101,"column":0},"end":{"line":101,"column":null}},"loc":{"start":{"line":101,"column":0},"end":{"line":106,"column":null}}},"5":{"name":"(anonymous_6)","decl":{"start":{"line":107,"column":0},"end":{"line":107,"column":null}},"loc":{"start":{"line":107,"column":0},"end":{"line":110,"column":null}}}},"branchMap":{},"s":{"0":2,"1":2,"2":2,"3":2,"4":2,"5":2,"6":4,"7":1,"8":1,"9":1,"10":1,"11":1,"12":1,"13":0,"14":1,"15":1},"f":{"0":4,"1":1,"2":1,"3":1,"4":0,"5":1},"b":{}}
,"/Users/henrique.suel/Desktop/teste-tecnico/vibe-saude/src/views/patient-appointment/components/appointment-date/AppointmentDate.vue": {"path":"/Users/henrique.suel/Desktop/teste-tecnico/vibe-saude/src/views/patient-appointment/components/appointment-date/AppointmentDate.vue","statementMap":{"0":{"start":{"line":39,"column":0},"end":{"line":39,"column":null}},"1":{"start":{"line":40,"column":0},"end":{"line":40,"column":null}},"2":{"start":{"line":45,"column":0},"end":{"line":45,"column":null}},"3":{"start":{"line":54,"column":0},"end":{"line":54,"column":null}},"4":{"start":{"line":55,"column":0},"end":{"line":55,"column":null}},"5":{"start":{"line":58,"column":0},"end":{"line":58,"column":null}}},"fnMap":{"0":{"name":"(anonymous_1)","decl":{"start":{"line":44,"column":0},"end":{"line":44,"column":null}},"loc":{"start":{"line":44,"column":0},"end":{"line":48,"column":null}}},"1":{"name":"(anonymous_2)","decl":{"start":{"line":53,"column":0},"end":{"line":53,"column":null}},"loc":{"start":{"line":53,"column":0},"end":{"line":56,"column":null}}},"2":{"name":"(anonymous_3)","decl":{"start":{"line":57,"column":0},"end":{"line":57,"column":null}},"loc":{"start":{"line":57,"column":0},"end":{"line":59,"column":null}}}},"branchMap":{},"s":{"0":3,"1":3,"2":5,"3":3,"4":3,"5":2},"f":{"0":5,"1":3,"2":2},"b":{}}
,"/Users/henrique.suel/Desktop/teste-tecnico/vibe-saude/src/views/patient-appointment/components/list-doctor/ListDoctor.vue": {"path":"/Users/henrique.suel/Desktop/teste-tecnico/vibe-saude/src/views/patient-appointment/components/list-doctor/ListDoctor.vue","statementMap":{"0":{"start":{"line":26,"column":0},"end":{"line":26,"column":null}},"1":{"start":{"line":32,"column":0},"end":{"line":32,"column":null}}},"fnMap":{"0":{"name":"(anonymous_1)","decl":{"start":{"line":31,"column":0},"end":{"line":31,"column":null}},"loc":{"start":{"line":31,"column":0},"end":{"line":36,"column":null}}}},"branchMap":{},"s":{"0":2,"1":0},"f":{"0":0},"b":{}}
,"/Users/henrique.suel/Desktop/teste-tecnico/vibe-saude/src/views/sing-up/SingUp.vue": {"path":"/Users/henrique.suel/Desktop/teste-tecnico/vibe-saude/src/views/sing-up/SingUp.vue","statementMap":{"0":{"start":{"line":73,"column":0},"end":{"line":73,"column":null}},"1":{"start":{"line":74,"column":0},"end":{"line":74,"column":null}},"2":{"start":{"line":75,"column":0},"end":{"line":75,"column":null}},"3":{"start":{"line":84,"column":0},"end":{"line":84,"column":null}},"4":{"start":{"line":96,"column":0},"end":{"line":96,"column":null}},"5":{"start":{"line":101,"column":0},"end":{"line":101,"column":null}},"6":{"start":{"line":106,"column":0},"end":{"line":106,"column":null}},"7":{"start":{"line":109,"column":0},"end":{"line":109,"column":null}},"8":{"start":{"line":110,"column":0},"end":{"line":110,"column":null}},"9":{"start":{"line":111,"column":0},"end":{"line":111,"column":null}},"10":{"start":{"line":112,"column":0},"end":{"line":122,"column":null}},"11":{"start":{"line":113,"column":0},"end":{"line":113,"column":null}},"12":{"start":{"line":118,"column":0},"end":{"line":118,"column":null}},"13":{"start":{"line":126,"column":0},"end":{"line":126,"column":null}}},"fnMap":{"0":{"name":"(anonymous_1)","decl":{"start":{"line":83,"column":0},"end":{"line":83,"column":null}},"loc":{"start":{"line":83,"column":0},"end":{"line":93,"column":null}}},"1":{"name":"(anonymous_2)","decl":{"start":{"line":95,"column":0},"end":{"line":95,"column":null}},"loc":{"start":{"line":95,"column":0},"end":{"line":97,"column":null}}},"2":{"name":"(anonymous_3)","decl":{"start":{"line":100,"column":0},"end":{"line":100,"column":null}},"loc":{"start":{"line":100,"column":0},"end":{"line":102,"column":null}}},"3":{"name":"(anonymous_4)","decl":{"start":{"line":105,"column":0},"end":{"line":105,"column":null}},"loc":{"start":{"line":105,"column":0},"end":{"line":107,"column":null}}},"4":{"name":"(anonymous_5)","decl":{"start":{"line":108,"column":0},"end":{"line":108,"column":null}},"loc":{"start":{"line":108,"column":0},"end":{"line":123,"column":null}}},"5":{"name":"(anonymous_6)","decl":{"start":{"line":125,"column":0},"end":{"line":125,"column":null}},"loc":{"start":{"line":125,"column":0},"end":{"line":143,"column":null}}}},"branchMap":{"0":{"loc":{"start":{"line":101,"column":0},"end":{"line":101,"column":null}},"type":"cond-expr","locations":[{"start":{"line":101,"column":0},"end":{"line":101,"column":null}},{"start":{"line":101,"column":0},"end":{"line":101,"column":null}}]},"1":{"loc":{"start":{"line":111,"column":0},"end":{"line":111,"column":null}},"type":"if","locations":[{"start":{"line":111,"column":0},"end":{"line":111,"column":null}},{"start":{"line":111,"column":0},"end":{"line":111,"column":null}}]},"2":{"loc":{"start":{"line":112,"column":0},"end":{"line":122,"column":null}},"type":"if","locations":[{"start":{"line":112,"column":0},"end":{"line":122,"column":null}},{"start":{"line":112,"column":0},"end":{"line":122,"column":null}}]}},"s":{"0":1,"1":1,"2":1,"3":6,"4":1,"5":7,"6":2,"7":3,"8":3,"9":4,"10":2,"11":1,"12":1,"13":7},"f":{"0":6,"1":1,"2":7,"3":2,"4":3,"5":7},"b":{"0":[1,6],"1":[1,2],"2":[1,1]}}
}
