TN:
SF:/Users/henrique.suel/Desktop/teste-tecnico/vibe-saude/src/components/kind-person/KindPerson.vue
FN:34,(anonymous_1)
FNF:1
FNH:1
FNDA:2,(anonymous_1)
DA:23,5
DA:24,5
DA:35,2
LF:3
LH:3
BRF:0
BRH:0
end_of_record
TN:
SF:/Users/henrique.suel/Desktop/teste-tecnico/vibe-saude/src/router/index.js
FN:10,(anonymous_0)
FN:15,(anonymous_1)
FN:20,(anonymous_2)
FN:26,(anonymous_3)
FN:31,(anonymous_4)
FNF:5
FNH:3
FNDA:2,(anonymous_0)
FNDA:0,(anonymous_1)
FNDA:1,(anonymous_2)
FNDA:0,(anonymous_3)
FNDA:1,(anonymous_4)
DA:4,2
DA:6,2
DA:10,2
DA:15,0
DA:20,1
DA:26,0
DA:31,1
DA:36,2
LF:8
LH:6
BRF:0
BRH:0
end_of_record
TN:
SF:/Users/henrique.suel/Desktop/teste-tecnico/vibe-saude/src/store/appointment/index.js
FN:27,(anonymous_0)
FN:30,(anonymous_1)
FN:62,(anonymous_2)
FN:63,(anonymous_3)
FN:79,(anonymous_4)
FN:80,(anonymous_5)
FN:98,(anonymous_6)
FN:101,(anonymous_7)
FN:102,(anonymous_8)
FN:111,(anonymous_9)
FN:111,(anonymous_10)
FN:111,(anonymous_11)
FN:112,(anonymous_12)
FN:112,(anonymous_13)
FN:112,(anonymous_14)
FN:116,(anonymous_15)
FN:116,(anonymous_16)
FN:119,(anonymous_17)
FN:120,(anonymous_18)
FN:122,(anonymous_19)
FN:124,(anonymous_20)
FN:124,(anonymous_21)
FN:124,(anonymous_22)
FNF:23
FNH:20
FNDA:3,(anonymous_0)
FNDA:3,(anonymous_1)
FNDA:2,(anonymous_2)
FNDA:2,(anonymous_3)
FNDA:2,(anonymous_4)
FNDA:2,(anonymous_5)
FNDA:1,(anonymous_6)
FNDA:1,(anonymous_7)
FNDA:3,(anonymous_8)
FNDA:0,(anonymous_9)
FNDA:0,(anonymous_10)
FNDA:0,(anonymous_11)
FNDA:1,(anonymous_12)
FNDA:1,(anonymous_13)
FNDA:1,(anonymous_14)
FNDA:1,(anonymous_15)
FNDA:1,(anonymous_16)
FNDA:3,(anonymous_17)
FNDA:1,(anonymous_18)
FNDA:3,(anonymous_19)
FNDA:1,(anonymous_20)
FNDA:1,(anonymous_21)
FNDA:1,(anonymous_22)
DA:30,3
DA:31,3
DA:36,3
DA:37,3
DA:38,3
DA:39,1
DA:40,1
DA:42,2
DA:43,2
DA:44,1
DA:45,1
DA:55,1
DA:56,1
DA:58,1
DA:59,1
DA:63,2
DA:64,2
DA:69,2
DA:70,1
DA:71,1
DA:74,1
DA:75,1
DA:76,1
DA:80,2
DA:81,2
DA:82,1
DA:83,1
DA:84,1
DA:86,1
DA:91,1
DA:92,1
DA:99,1
DA:102,1
DA:103,3
DA:104,2
DA:106,1
DA:111,0
DA:112,1
DA:113,1
DA:116,1
DA:118,1
DA:119,3
DA:120,1
DA:122,3
DA:124,1
LF:45
LH:44
BRDA:38,0,0,1
BRDA:38,0,1,2
BRDA:38,1,0,3
BRDA:38,1,1,2
BRDA:43,2,0,1
BRDA:43,2,1,1
BRDA:69,3,0,1
BRDA:69,3,1,1
BRDA:81,4,0,1
BRDA:81,4,1,1
BRDA:103,5,0,2
BRDA:103,5,1,1
BRDA:111,6,0,0
BRDA:111,6,1,0
BRDA:113,7,0,1
BRDA:113,7,1,1
BRDA:120,8,0,1
BRDA:120,8,1,1
BRDA:120,8,2,1
BRDA:120,8,3,1
BRDA:120,8,4,1
BRDA:122,9,0,3
BRDA:122,9,1,3
BRDA:122,9,2,1
BRF:24
BRH:22
end_of_record
TN:
SF:/Users/henrique.suel/Desktop/teste-tecnico/vibe-saude/src/store/doctor/index.js
FN:16,(anonymous_0)
FN:30,(anonymous_1)
FN:37,(anonymous_2)
FN:42,(anonymous_3)
FN:45,(anonymous_4)
FN:50,(anonymous_5)
FN:56,(anonymous_6)
FN:60,(anonymous_7)
FN:70,(anonymous_8)
FN:70,(anonymous_9)
FN:70,(anonymous_10)
FN:71,(anonymous_11)
FN:71,(anonymous_12)
FN:71,(anonymous_13)
FNF:14
FNH:14
FNDA:2,(anonymous_0)
FNDA:2,(anonymous_1)
FNDA:1,(anonymous_2)
FNDA:1,(anonymous_3)
FNDA:2,(anonymous_4)
FNDA:1,(anonymous_5)
FNDA:2,(anonymous_6)
FNDA:1,(anonymous_7)
FNDA:1,(anonymous_8)
FNDA:1,(anonymous_9)
FNDA:1,(anonymous_10)
FNDA:1,(anonymous_11)
FNDA:1,(anonymous_12)
FNDA:1,(anonymous_13)
DA:17,2
DA:18,2
DA:19,1
DA:20,1
DA:22,1
DA:27,1
DA:31,2
DA:32,2
DA:33,1
DA:34,1
DA:35,1
DA:38,1
DA:43,1
DA:46,2
DA:47,2
DA:48,2
DA:51,1
DA:52,1
DA:57,2
DA:58,1
DA:61,1
DA:62,0
DA:63,0
DA:64,0
DA:66,0
DA:68,1
DA:70,1
DA:71,1
LF:28
LH:24
BRDA:18,0,0,1
BRDA:18,0,1,1
BRDA:32,1,0,1
BRDA:32,1,1,1
BRDA:57,2,0,1
BRDA:57,2,1,1
BRDA:61,3,0,0
BRDA:61,3,1,1
BRDA:63,4,0,0
BRDA:63,4,1,0
BRF:10
BRH:7
end_of_record
TN:
SF:/Users/henrique.suel/Desktop/teste-tecnico/vibe-saude/src/store/patient/index.js
FN:16,(anonymous_0)
FN:30,(anonymous_1)
FN:37,(anonymous_2)
FN:43,(anonymous_3)
FN:46,(anonymous_4)
FN:51,(anonymous_5)
FN:57,(anonymous_6)
FN:61,(anonymous_7)
FN:61,(anonymous_8)
FN:61,(anonymous_9)
FN:63,(anonymous_10)
FNF:11
FNH:11
FNDA:2,(anonymous_0)
FNDA:2,(anonymous_1)
FNDA:1,(anonymous_2)
FNDA:1,(anonymous_3)
FNDA:2,(anonymous_4)
FNDA:1,(anonymous_5)
FNDA:2,(anonymous_6)
FNDA:1,(anonymous_7)
FNDA:1,(anonymous_8)
FNDA:1,(anonymous_9)
FNDA:1,(anonymous_10)
DA:17,2
DA:18,2
DA:19,1
DA:20,1
DA:22,1
DA:27,1
DA:31,2
DA:32,2
DA:33,1
DA:34,1
DA:35,1
DA:38,1
DA:39,1
DA:44,1
DA:47,2
DA:48,2
DA:49,2
DA:52,1
DA:53,1
DA:58,2
DA:59,1
DA:61,1
DA:64,1
DA:65,0
DA:66,0
DA:67,0
DA:69,0
DA:71,1
LF:28
LH:24
BRDA:18,0,0,1
BRDA:18,0,1,1
BRDA:32,1,0,1
BRDA:32,1,1,1
BRDA:58,2,0,1
BRDA:58,2,1,1
BRDA:64,3,0,0
BRDA:64,3,1,1
BRDA:66,4,0,0
BRDA:66,4,1,0
BRF:10
BRH:7
end_of_record
TN:
SF:/Users/henrique.suel/Desktop/teste-tecnico/vibe-saude/src/views/doctor-appointment/DoctorAppointment.vue
FN:70,(anonymous_1)
FN:105,(anonymous_2)
FN:108,(anonymous_3)
FNF:3
FNH:3
FNDA:3,(anonymous_1)
FNDA:1,(anonymous_2)
FNDA:1,(anonymous_3)
DA:62,2
DA:63,2
DA:71,3
DA:106,1
DA:109,1
DA:113,1
LF:6
LH:6
BRF:0
BRH:0
end_of_record
TN:
SF:/Users/henrique.suel/Desktop/teste-tecnico/vibe-saude/src/views/login/Login.vue
FN:49,(anonymous_1)
FN:56,(anonymous_2)
FN:61,(anonymous_3)
FN:65,(anonymous_4)
FN:74,(anonymous_5)
FNF:5
FNH:5
FNDA:5,(anonymous_1)
FNDA:2,(anonymous_2)
FNDA:7,(anonymous_3)
FNDA:7,(anonymous_4)
FNDA:4,(anonymous_5)
DA:41,3
DA:42,3
DA:50,5
DA:57,2
DA:62,7
DA:66,7
DA:75,4
DA:76,4
DA:77,4
DA:82,4
DA:88,5
LF:11
LH:11
BRDA:62,0,0,2
BRDA:62,0,1,5
BRDA:76,1,0,0
BRDA:76,1,1,4
BRDA:82,2,0,2
BRDA:82,2,1,2
BRDA:88,3,0,1
BRDA:88,3,1,3
BRF:8
BRH:7
end_of_record
TN:
SF:/Users/henrique.suel/Desktop/teste-tecnico/vibe-saude/src/views/patient-appointment/PatientAppointment.vue
FN:71,(anonymous_1)
FN:86,(anonymous_2)
FN:91,(anonymous_3)
FN:97,(anonymous_4)
FN:101,(anonymous_5)
FN:107,(anonymous_6)
FNF:6
FNH:5
FNDA:4,(anonymous_1)
FNDA:1,(anonymous_2)
FNDA:1,(anonymous_3)
FNDA:1,(anonymous_4)
FNDA:0,(anonymous_5)
FNDA:1,(anonymous_6)
DA:57,2
DA:58,2
DA:59,2
DA:60,2
DA:61,2
DA:62,2
DA:72,4
DA:87,1
DA:88,1
DA:89,1
DA:92,1
DA:98,1
DA:99,1
DA:102,0
DA:108,1
DA:109,1
LF:16
LH:15
BRF:0
BRH:0
end_of_record
TN:
SF:/Users/henrique.suel/Desktop/teste-tecnico/vibe-saude/src/views/patient-appointment/components/appointment-date/AppointmentDate.vue
FN:44,(anonymous_1)
FN:53,(anonymous_2)
FN:57,(anonymous_3)
FNF:3
FNH:3
FNDA:5,(anonymous_1)
FNDA:3,(anonymous_2)
FNDA:2,(anonymous_3)
DA:39,3
DA:40,3
DA:45,5
DA:54,3
DA:55,3
DA:58,2
LF:6
LH:6
BRF:0
BRH:0
end_of_record
TN:
SF:/Users/henrique.suel/Desktop/teste-tecnico/vibe-saude/src/views/patient-appointment/components/list-doctor/ListDoctor.vue
FN:31,(anonymous_1)
FNF:1
FNH:0
FNDA:0,(anonymous_1)
DA:26,2
DA:32,0
LF:2
LH:1
BRF:0
BRH:0
end_of_record
TN:
SF:/Users/henrique.suel/Desktop/teste-tecnico/vibe-saude/src/views/sing-up/SingUp.vue
FN:83,(anonymous_1)
FN:95,(anonymous_2)
FN:100,(anonymous_3)
FN:105,(anonymous_4)
FN:108,(anonymous_5)
FN:125,(anonymous_6)
FNF:6
FNH:6
FNDA:6,(anonymous_1)
FNDA:1,(anonymous_2)
FNDA:7,(anonymous_3)
FNDA:2,(anonymous_4)
FNDA:3,(anonymous_5)
FNDA:7,(anonymous_6)
DA:73,1
DA:74,1
DA:75,1
DA:84,6
DA:96,1
DA:101,7
DA:106,2
DA:109,3
DA:110,3
DA:111,4
DA:112,2
DA:113,1
DA:118,1
DA:126,7
LF:14
LH:14
BRDA:101,0,0,1
BRDA:101,0,1,6
BRDA:111,1,0,1
BRDA:111,1,1,2
BRDA:112,2,0,1
BRDA:112,2,1,1
BRF:6
BRH:6
end_of_record
